[Squirtle] [40.707138,-74.01647] [11 Minutes, 58 Seconds]
[Squirtle] [40.730706,-74.013809] [4 Minutes, 49 Seconds]
[Squirtle] [40.728208,-74.013074] [9 Minutes, 51 Seconds]
[Dratini] [40.708725,-74.009677] [3 Minutes, 51 Seconds]
[Squirtle] [40.707138,-74.01647] [9 Minutes, 5 Seconds]
[Squirtle] [40.730706,-74.013809] [2 Minutes, 1 Seconds]
[Squirtle] [40.728208,-74.013074] [7 Minutes, 7 Seconds]
[Dratini] [40.708725,-74.009676] [1 Minutes, 8 Seconds]
[Dratini] [40.644934,-74.072466] [3 Minutes, 16 Seconds]
[Dratini] [40.762843,-74.001965] [6 Minutes, 39 Seconds]
[Dratini] [40.645206,-74.073843] [6 Minutes, 26 Seconds]
[Growlithe] [40.737058,-74.02758] [1 Minutes, 11 Seconds]
[Growlithe] [40.734283,-74.004719] [10 Minutes, 49 Seconds]
[Charmander] [37.791278,-122.389604] [3 Minutes, 27 Seconds]
[Squirtle] [40.707138,-74.016471] [3 Minutes, 59 Seconds]
[Squirtle] [40.728208,-74.013074] [1 Minutes, 56 Seconds]
[Squirtle] [40.707294,-74.008851] [12 Minutes, 53 Seconds]
[Dratini] [40.762843,-74.001965] [1 Minutes, 41 Seconds]
[Dratini] [40.645206,-74.073843] [1 Minutes, 32 Seconds]
[Growlithe] [40.734283,-74.004719] [6 Minutes, 8 Seconds]
[Squirtle] [37.805173,-122.428896] [2 Minutes, 17 Seconds]
[Squirtle] [37.794268,-122.390046] [5 Minutes, 27 Seconds]
[Squirtle] [37.806911,-122.445971] [4 Minutes, 4 Seconds]
[Squirtle] [37.80803,-122.431462] [9 Minutes, 46 Seconds]
[Squirtle] [37.804418,-122.431108] [9 Minutes, 9 Seconds]
[Squirtle] [37.778578,-122.405977] [9 Minutes, 28 Seconds]
[Squirtle] [37.80438,-122.429781] [1 Minutes, 3 Seconds]
[Dratini] [37.797674,-122.393497] [1 Minutes, 50 Seconds]
[Growlithe] [37.743403,-122.473836] [6 Minutes, 59 Seconds]
[Growlithe] [37.801779,-122.420579] [0 Minutes, 9 Seconds]
[Charmander] [33.98584,-118.472755] [4 Minutes, 36 Seconds]
[Charmander] [34.026407,-118.48699] [1 Minutes, 56 Seconds]
[Squirtle] [34.009565,-118.498941] [6 Minutes, 2 Seconds]
[Growlithe] [33.988262,-118.473941] [4 Minutes, 49 Seconds]
[Growlithe] [33.997587,-118.484252] [13 Minutes, 4 Seconds]
[Growlithe] [33.985737,-118.472846] [1 Minutes, 23 Seconds]
[Growlithe] [33.990145,-118.476315] [4 Minutes, 11 Seconds]
[Growlithe] [33.984482,-118.470839] [8 Minutes, 53 Seconds]
[Growlithe] [34.013001,-118.492282] [1 Minutes, 21 Seconds]
[Growlithe] [34.017505,-118.489636] [3 Minutes, 59 Seconds]
[Growlithe] [34.005573,-118.484617] [8 Minutes, 44 Seconds]
[Growlithe] [34.135331,-118.353454] [1 Minutes, 41 Seconds]
[Growlithe] [34.221292,-118.414165] [5 Minutes, 50 Seconds]
[Growlithe] [34.02521,-118.485074] [0 Minutes, 34 Seconds]
[Growlithe] [34.012598,-118.494836] [42321 Minutes, 36 Seconds]
[Growlithe] [34.000207,-118.481149] [-1 Minutes, 53 Seconds]
[Squirtle] [35.745181,139.804715] [3 Minutes, 7 Seconds]
[Dratini] [35.611289,139.5898] [0 Minutes, 51 Seconds]
[Dratini] [35.931964,139.470952] [1 Minutes, 33 Seconds]
[Dratini] [35.670212,139.685434] [7 Minutes, 24 Seconds]
[Dratini] [35.709705,139.76988] [-1 Minutes, 30 Seconds]
[Dratini] [35.66909,139.689422] [0 Minutes, 28 Seconds]
[Dratini] [35.690616,139.819662] [3 Minutes, 16 Seconds]
[Growlithe] [35.633629,139.884449] [4 Minutes, 14 Seconds]
[Growlithe] [35.840694,139.903098] [4 Minutes, 44 Seconds]
[Venusaur] [40.708773,-74.078892] [4 Minutes, 42 Seconds]
[Dratini] [40.72069,-74.012891] [8 Minutes, 7 Seconds]
[Dratini] [40.716589,-74.016655] [3 Minutes, 50 Seconds]
[Dratini] [40.717104,-74.017022] [5 Minutes, 12 Seconds]
[Dratini] [37.796144,-122.394118] [8 Minutes, 29 Seconds]
[Dratini] [35.70978,139.771318] [10 Minutes, 41 Seconds]
[Dratini] [35.690226,139.820301] [2 Minutes, 33 Seconds]
[Dratini] [35.71972,139.495911] [0 Minutes, 50 Seconds]
[Dratini] [35.541173,139.516029] [9 Minutes, 20 Seconds]
[Dratini] [35.846122,139.63186] [0 Minutes, 29 Seconds]
[Dratini] [35.669812,139.787055] [7 Minutes, 11 Seconds]
[Dratini] [35.715491,139.657604] [6 Minutes, 36 Seconds]
[Dratini] [35.509222,139.687508] [10 Minutes, 48 Seconds]
[Dratini] [35.627777,139.884369] [10 Minutes, 10 Seconds]
[Dratini] [22.427721,113.994581] [3 Minutes, 36 Seconds]
[Dratini] [22.452259,113.998391] [3 Minutes, 26 Seconds]
[Dratini] [22.467403,113.996997] [6 Minutes, 45 Seconds]
[Dragonite] [-33.872471,151.216391] [8 Minutes, 33 Seconds]
[Dragonair] [-33.862743,151.200454] [10 Minutes, 44 Seconds]
[Dratini] [-33.862162,151.220489] [3 Minutes, 43 Seconds]
[Dratini] [-33.860469,151.209743] [6 Minutes, 29 Seconds]
[Dratini] [-33.861145,151.200454] [8 Minutes, 44 Seconds]
[Charmander] [40.734267,-74.002975] [6 Minutes, 43 Seconds]
[Squirtle] [40.710384,-74.000128] [4 Minutes, 29 Seconds]
[Squirtle] [40.708816,-74.010319] [8 Minutes, 37 Seconds]
[Squirtle] [40.745598,-74.033914] [3 Minutes, 38 Seconds]
[Squirtle] [40.719083,-74.005912] [4 Minutes, 48 Seconds]
[Squirtle] [40.735944,-74.172116] [3 Minutes, 17 Seconds]
[Squirtle] [40.74851,-73.979283] [1 Minutes, 2 Seconds]
[Squirtle] [40.742581,-73.99517] [0 Minutes, 39 Seconds]
[Dratini] [40.729533,-74.031159] [0 Minutes, 35 Seconds]
[Dratini] [40.700551,-74.011972] [0 Minutes, 8 Seconds]
[Dratini] [40.705197,-74.019133] [6 Minutes, 15 Seconds]
[Dratini] [40.71621,-74.032536] [1 Minutes, 7 Seconds]
[Dratini] [40.76372,-74.00325] [0 Minutes, 3 Seconds]
[Dratini] [40.72069,-74.012891] [4 Minutes, 17 Seconds]
[Squirtle] [40.708816,-74.010319] [1 Minutes, 22 Seconds]
[Squirtle] [40.711696,-74.01647] [3 Minutes, 17 Seconds]
[Squirtle] [40.722906,-74.005637] [9 Minutes, 41 Seconds]
[Dratini] [40.753847,-74.007656] [1 Minutes, 25 Seconds]
[Dratini] [40.666248,-74.012063] [3 Minutes, 35 Seconds]
[Dratini] [40.718348,-74.013808] [9 Minutes, 15 Seconds]
[Dratini] [40.74317,-74.009677] [6 Minutes, 37 Seconds]
[Dratini] [40.765414,-74.001045] [6 Minutes, 21 Seconds]
[Charmander] [37.790764,-122.389338] [5 Minutes, 29 Seconds]
[Charmander] [37.779829,-122.397304] [0 Minutes, 17 Seconds]
[Squirtle] [37.80734,-122.431286] [0 Minutes, 14 Seconds]
[Squirtle] [40.708816,-74.01032] [0 Minutes, 10 Seconds]
[Squirtle] [40.711696,-74.01647] [0 Minutes, 19 Seconds]
[Squirtle] [40.71367,-74.001505] [14 Minutes, 0 Seconds]
[Squirtle] [40.768937,-74.170007] [8 Minutes, 26 Seconds]
[Squirtle] [40.722906,-74.005637] [6 Minutes, 31 Seconds]
[Dratini] [40.666248,-74.012063] [0 Minutes, 38 Seconds]
[Dratini] [40.718348,-74.013809] [6 Minutes, 21 Seconds]
[Dratini] [40.74317,-74.009676] [0 Minutes, 19 Seconds]
[Dratini] [40.701043,-74.013809] [6 Minutes, 24 Seconds]
[Dratini] [40.765414,-74.001046] [3 Minutes, 17 Seconds]
[Growlithe] [40.748629,-74.049887] [1 Minutes, 11 Seconds]
[Growlithe] [40.7091,-74.011237] [10 Minutes, 29 Seconds]
[Charmander] [37.790764,-122.389338] [2 Minutes, 7 Seconds]
[Squirtle] [37.780543,-122.417747] [12 Minutes, 2 Seconds]
[Squirtle] [37.807941,-122.428365] [3 Minutes, 30 Seconds]
[Squirtle] [37.788096,-122.417393] [2 Minutes, 10 Seconds]
[Squirtle] [37.801425,-122.425357] [7 Minutes, 15 Seconds]
[Squirtle] [37.808133,-122.4304] [9 Minutes, 5 Seconds]
[Squirtle] [37.804331,-122.430665] [12 Minutes, 47 Seconds]
[Dratini] [37.806778,-122.404562] [2 Minutes, 33 Seconds]
[Dratini] [37.799212,-122.397216] [1 Minutes, 22 Seconds]
[Growlithe] [37.799896,-122.417747] [0 Minutes, 19 Seconds]
[Growlithe] [37.801027,-122.420844] [2 Minutes, 8 Seconds]
[Charmander] [34.007063,-118.499671] [5 Minutes, 48 Seconds]
[Charmander] [34.011151,-118.492007] [0 Minutes, 22 Seconds]
[Squirtle] [34.008766,-118.498303] [8 Minutes, 5 Seconds]
[Growlithe] [33.994551,-118.481059] [2 Minutes, 25 Seconds]
[Growlithe] [33.991376,-118.467281] [8 Minutes, 29 Seconds]
[Growlithe] [33.99656,-118.48261] [0 Minutes, 45 Seconds]
[Growlithe] [33.986995,-118.472299] [6 Minutes, 11 Seconds]
[Growlithe] [33.953811,-118.281851] [2 Minutes, 43 Seconds]
[Growlithe] [34.032351,-118.270066] [0 Minutes, 21 Seconds]
[Growlithe] [34.020341,-118.280663] [10 Minutes, 7 Seconds]
[Growlithe] [34.010116,-118.496752] [12 Minutes, 52 Seconds]
[Growlithe] [34.144477,-118.261936] [5 Minutes, 17 Seconds]
[Growlithe] [34.012598,-118.494836] [42251 Minutes, 33 Seconds]
[Growlithe] [34.073365,-118.452863] [4 Minutes, 39 Seconds]
[Growlithe] [34.015173,-118.499854] [8 Minutes, 1 Seconds]
[Growlithe] [34.00579,-118.484709] [1 Minutes, 39 Seconds]
[Squirtle] [37.806993,-122.428542] [1 Minutes, 4 Seconds]
[Squirtle] [37.78658,-122.400047] [1 Minutes, 53 Seconds]
[Squirtle] [37.807859,-122.42863] [9 Minutes, 19 Seconds]
[Squirtle] [37.804331,-122.430665] [0 Minutes, 33 Seconds]
[Squirtle] [37.806407,-122.430931] [9 Minutes, 34 Seconds]
[Squirtle] [37.808904,-122.430313] [8 Minutes, 46 Seconds]
[Squirtle] [37.774334,-122.419783] [329 Minutes, 12 Seconds]
[Squirtle] [37.805647,-122.428808] [12 Minutes, 5 Seconds]
[Squirtle] [37.749458,-122.169593] [1 Minutes, 6 Seconds]
[Squirtle] [37.805427,-122.426861] [1 Minutes, 56 Seconds]
[Squirtle] [37.782063,-122.41111] [0 Minutes, 33 Seconds]
[Squirtle] [37.804358,-122.426949] [5 Minutes, 35 Seconds]
[Squirtle] [37.806142,-122.427924] [3 Minutes, 36 Seconds]
[Squirtle] [37.808106,-122.426861] [3 Minutes, 25 Seconds]
[Squirtle] [37.806924,-122.42925] [0 Minutes, 47 Seconds]
[Squirtle] [37.797306,-122.399781] [7 Minutes, 37 Seconds]
[Growlithe] [37.805836,-122.28918] [1 Minutes, 21 Seconds]
[Growlithe] [37.800295,-122.401198] [0 Minutes, 26 Seconds]
[Growlithe] [37.807237,-122.428719] [4 Minutes, 6 Seconds]
[Growlithe] [37.800953,-122.420844] [7 Minutes, 17 Seconds]
[Charmander] [33.98332,-118.465273] [2 Minutes, 10 Seconds]
[Charmander] [33.995899,-118.481424] [2 Minutes, 12 Seconds]
[Charmander] [33.995048,-118.475584] [4 Minutes, 44 Seconds]
[Charmander] [33.995146,-118.480603] [3 Minutes, 22 Seconds]
[Charmander] [34.005763,-118.487993] [4 Minutes, 23 Seconds]
[Charmander] [34.050065,-118.24622] [9 Minutes, 6 Seconds]
[Squirtle] [34.010569,-118.500036] [7 Minutes, 39 Seconds]
[Squirtle] [34.004512,-118.492647] [3 Minutes, 43 Seconds]
[Growlithe] [33.986786,-118.475036] [0 Minutes, 2 Seconds]
[Growlithe] [33.986638,-118.474671] [2 Minutes, 13 Seconds]
[Growlithe] [33.987746,-118.475676] [0 Minutes, 10 Seconds]
[Growlithe] [33.988877,-118.47531] [1 Minutes, 9 Seconds]
[Growlithe] [33.799759,-118.302586] [0 Minutes, 19 Seconds]
[Growlithe] [33.99478,-118.480786] [9 Minutes, 4 Seconds]
[Growlithe] [34.073388,-118.452771] [2 Minutes, 25 Seconds]
[Growlithe] [34.008341,-118.481879] [0 Minutes, 51 Seconds]
[Growlithe] [34.072729,-118.449668] [0 Minutes, 29 Seconds]
[Growlithe] [34.007501,-118.496022] [0 Minutes, 38 Seconds]
[Growlithe] [34.010904,-118.497116] [1 Minutes, 52 Seconds]
[Growlithe] [34.013745,-118.499489] [2 Minutes, 47 Seconds]
[Growlithe] [34.238201,-118.527767] [6 Minutes, 7 Seconds]
[Growlithe] [34.103917,-118.295919] [1 Minutes, 46 Seconds]
[Growlithe] [34.012598,-118.494836] [42235 Minutes, 32 Seconds]
[Growlithe] [34.072177,-118.453136] [6 Minutes, 14 Seconds]
[Growlithe] [34.00968,-118.48927] [1 Minutes, 38 Seconds]
[Growlithe] [34.008339,-118.49301] [7 Minutes, 29 Seconds]
[Arcanine] [33.986332,-118.47239] [9 Minutes, 38 Seconds]
[Charmander] [35.631506,139.879487] [3 Minutes, 56 Seconds]
[Dratini] [35.669412,139.70825] [2 Minutes, 22 Seconds]
[Charmander] [22.317585,114.168969] [2 Minutes, 13 Seconds]
[Squirtle] [22.284602,113.935106] [0 Minutes, 39 Seconds]
[Squirtle] [22.385596,113.97042] [0 Minutes, 48 Seconds]
[Squirtle] [22.282275,113.936593] [10 Minutes, 42 Seconds]
[Squirtle] [22.430675,113.992444] [1 Minutes, 34 Seconds]
[Squirtle] [22.443308,114.028126] [3 Minutes, 21 Seconds]
[Dratini] [22.391721,113.972558] [0 Minutes, 53 Seconds]
[Dratini] [22.463448,113.994953] [1 Minutes, 7 Seconds]
[Dratini] [22.367744,113.991887] [8 Minutes, 6 Seconds]
[Dratini] [22.388156,113.970792] [2 Minutes, 38 Seconds]
[Dratini] [22.404945,113.977297] [3 Minutes, 2 Seconds]
[Dratini] [22.370159,113.989285] [0 Minutes, 58 Seconds]
[Dratini] [22.468291,113.996347] [7 Minutes, 36 Seconds]
[Dratini] [22.465426,113.995139] [13 Minutes, 25 Seconds]
[Dratini] [22.400159,113.975531] [9 Minutes, 47 Seconds]
[Dratini] [22.283523,114.16544] [0 Minutes, 8 Seconds]
[Growlithe] [28.494478,77.089497] [8 Minutes, 28 Seconds]
[Growlithe] [28.435457,77.075198] [2 Minutes, 43 Seconds]
[Growlithe] [28.580392,77.19385] [2 Minutes, 56 Seconds]
[Growlithe] [28.569944,77.203643] [10 Minutes, 5 Seconds]
[Growlithe] [28.630613,77.279889] [2 Minutes, 22 Seconds]
[Dratini] [38.697261,-77.215322] [103 Minutes, 22 Seconds]
[Growlithe] [52.447171,13.333954] [6 Minutes, 18 Seconds]
[Charmander] [48.868625,2.382529] [2 Minutes, 9 Seconds]
[Squirtle] [40.687534,-74.01445] [4 Minutes, 51 Seconds]
[Dratini] [40.722684,-74.012248] [9 Minutes, 51 Seconds]
[Lapras] [40.688256,-74.015185] [6 Minutes, 20 Seconds]
[Pikachu] [37.778886,-122.421198] [3 Minutes, 12 Seconds]
[Pikachu] [37.779966,-122.418897] [7 Minutes, 9 Seconds]
[Pikachu] [37.807304,-122.421729] [8 Minutes, 22 Seconds]
[Pikachu] [37.806601,-122.424738] [7 Minutes, 58 Seconds]
[Snorlax] [35.675364,139.908382] [3 Minutes, 17 Seconds]
[Pikachu] [22.392186,113.973487] [4 Minutes, 5 Seconds]
[Pikachu] [-33.894597,151.238978] [0 Minutes, 11 Seconds]
[Pikachu] [-33.901835,151.228777] [0 Minutes, 58 Seconds]
[Pikachu] [-33.892066,151.233422] [9 Minutes, 48 Seconds]
[Pikachu] [-33.901227,151.241164] [10 Minutes, 9 Seconds]
[Pikachu] [-33.892044,151.233331] [1214 Minutes, 16 Seconds]
[Pikachu] [-33.896726,151.230052] [1 Minutes, 45 Seconds]
[Pikachu] [-33.902788,151.240071] [7 Minutes, 53 Seconds]
[Pikachu] [-33.862452,151.212202] [0 Minutes, 24 Seconds]
[Pikachu] [-33.902163,151.241073] [0 Minutes, 8 Seconds]
[Pikachu] [-33.892851,151.23242] [11 Minutes, 5 Seconds]
[Pikachu] [-33.855085,151.19235] [2 Minutes, 14 Seconds]
[Pikachu] [40.427315,-3.607179] [8 Minutes, 47 Seconds]
[Pikachu] [40.265117,-74.647409] [0 Minutes, 52 Seconds]
[Pikachu] [45.506939,-73.569642] [6 Minutes, 55 Seconds]
[Pikachu] [45.523108,-73.591624] [5 Minutes, 12 Seconds]
[Pikachu] [37.806601,-122.424737] [1 Minutes, 6 Seconds]
[Pikachu] [37.779966,-122.418898] [0 Minutes, 1 Seconds]
[Pikachu] [37.807304,-122.42173] [1 Minutes, 18 Seconds]
[Pikachu] [37.806462,-122.423499] [5 Minutes, 39 Seconds]
[Pikachu] [34.245307,-118.53625] [2 Minutes, 52 Seconds]
[Pikachu] [19.203664,72.999893] [2 Minutes, 8 Seconds]
[Pikachu] [38.481073,-121.464767] [5 Minutes, 2 Seconds]
[Charmander] [40.859109,-74.007565] [3 Minutes, 7 Seconds]
[Charmander] [40.859226,-74.008392] [6 Minutes, 54 Seconds]
[Squirtle] [40.716968,-74.002975] [6 Minutes, 40 Seconds]
[Squirtle] [40.731397,-74.039972] [4 Minutes, 44 Seconds]
[Squirtle] [40.726762,-74.001781] [3 Minutes, 40 Seconds]
[Squirtle] [40.706318,-74.019408] [7 Minutes, 33 Seconds]
